\BOOKMARK [0][]{chapter*.1}{摘　　要}{}% 1
\BOOKMARK [0][]{chapter*.2}{Abstract}{}% 2
\BOOKMARK [0][]{chapter*.4}{引　　言}{}% 3
\BOOKMARK [1][]{section.0.1}{0.1 字体}{chapter*.4}% 4
\BOOKMARK [2][]{subsection.0.1.1}{0.1.1 编译运行}{section.0.1}% 5
\BOOKMARK [1][]{section.0.2}{0.2 Linux操作系统\(以Ubuntu为例\)}{chapter*.4}% 6
\BOOKMARK [2][]{subsection.0.2.1}{0.2.1 编译运行}{section.0.2}% 7
\BOOKMARK [1][]{section.0.3}{0.3 XeTeX简介}{chapter*.4}% 8
\BOOKMARK [2][]{subsection.0.3.1}{0.3.1 历史}{section.0.3}% 9
\BOOKMARK [1][]{section.0.4}{0.4 引言内容要求}{chapter*.4}% 10
\BOOKMARK [0][]{chapter.1}{1 模版使用说明}{}% 11
\BOOKMARK [1][]{section.1.1}{1.1 个人信息}{chapter.1}% 12
\BOOKMARK [1][]{section.1.2}{1.2 中英文摘要、关键字}{chapter.1}% 13
\BOOKMARK [1][]{section.1.3}{1.3 正文}{chapter.1}% 14
\BOOKMARK [0][]{chapter.2}{2 列表，三线表，插图，参考文献}{}% 15
\BOOKMARK [1][]{section.2.1}{2.1 引  言}{chapter.2}% 16
\BOOKMARK [1][]{section.2.2}{2.2 列表}{chapter.2}% 17
\BOOKMARK [1][]{section.2.3}{2.3 表}{chapter.2}% 18
\BOOKMARK [2][]{subsection.2.3.1}{2.3.1 表格的列按小数点对齐}{section.2.3}% 19
\BOOKMARK [2][]{subsection.2.3.2}{2.3.2 多列三线表}{section.2.3}% 20
\BOOKMARK [2][]{subsection.2.3.3}{2.3.3 多行三线表}{section.2.3}% 21
\BOOKMARK [2][]{subsection.2.3.4}{2.3.4 宽度控制}{section.2.3}% 22
\BOOKMARK [2][]{subsection.2.3.5}{2.3.5 斜线表头}{section.2.3}% 23
\BOOKMARK [1][]{section.2.4}{2.4 图}{chapter.2}% 24
\BOOKMARK [2][]{subsection.2.4.1}{2.4.1 双图并列}{section.2.4}% 25
\BOOKMARK [2][]{subsection.2.4.2}{2.4.2 两子图并列}{section.2.4}% 26
\BOOKMARK [1][]{section.2.5}{2.5 数学}{chapter.2}% 27
\BOOKMARK [2][]{subsection.2.5.1}{2.5.1\040math}{section.2.5}% 28
\BOOKMARK [2][]{subsection.2.5.2}{2.5.2 傅立叶变换}{section.2.5}% 29
\BOOKMARK [1][]{section.2.6}{2.6 参考文献}{chapter.2}% 30
\BOOKMARK [0][]{chapter.3}{3 注意事项}{}% 31
\BOOKMARK [1][]{section.3.1}{3.1 引  言}{chapter.3}% 32
\BOOKMARK [0][]{chapter.4}{4 结论与展望}{}% 33
\BOOKMARK [0][]{chapter.4}{参考文献}{}% 34
\BOOKMARK [0][]{appendix*.6}{附录 A　附录}{}% 35
\BOOKMARK [0][]{appendix*.7}{致　　谢}{}% 36
