This is XeTeX, Version 3.14159265-2.6-0.99996 (TeX Live 2016) (preloaded format=xelatex 2016.9.1)  9 APR 2017 15:42
entering extended mode
 restricted \write18 enabled.
 file:line:error style messages enabled.
 %&-line parsing enabled.
**format.tex
(./format.tex
LaTeX2e <2016/03/31>
Babel <3.9r> and hyphenation patterns for 83 language(s) loaded.
\mymargin=\skip41
./format.tex:26: Missing number, treated as zero.
<to be read again> 
                   (
l.26 ...gth{\mymargin}{(\paperwidth-\textwidth)/2}
                                                  
? 
./format.tex:26: Emergency stop.
<to be read again> 
                   (
l.26 ...gth{\mymargin}{(\paperwidth-\textwidth)/2}
                                                  
End of file on the terminal!

 
Here is how much of TeX's memory you used:
 5 strings out of 493591
 46 string characters out of 6143547
 53754 words of memory out of 5000000
 3514 multiletter control sequences out of 15000+600000
 3640 words of font info for 14 fonts, out of 8000000 for 9000
 1347 hyphenation exceptions out of 8191
 6i,0n,12p,83b,8s stack positions out of 5000i,500n,10000p,200000b,80000s
No pages of output.
